Warning: Function C:\ratter\ExperPort\FakeRP\isvector.m has the same name as a 
MATLAB builtin. We suggest you rename the function to avoid a potential name 
conflict.  
mcc -o 'TechNotes' -W 'main' -d 'C:\ratter\ExperPort\Utility\TechNotes2\TechNotes\src' -T 'link:exe' -v 'C:\ratter\ExperPort\Utility\TechNotes2\TechNotes.m' -a 'C:\ratter\ExperPort\Utility\TechNotes2\TN_viewold.m' -a 'C:\ratter\ExperPort\Utility\TechNotes2\TechNotes.fig' -a 'C:\ratter\ExperPort\Utility\TechNotes2\TN_clear.m' -a 'C:\ratter\ExperPort\Utility\TechNotes2\TN_emergency.m' -a 'C:\ratter\ExperPort\Utility\TechNotes2\TN_general.m' -a 'C:\ratter\ExperPort\Utility\TechNotes2\TN_listexperimenters.m' -a 'C:\ratter\ExperPort\Utility\TechNotes2\TN_listrats.m' -a 'C:\ratter\ExperPort\Utility\TechNotes2\TN_listrigs.m' -a 'C:\ratter\ExperPort\Utility\TechNotes2\TN_listsessions.m' -a 'C:\ratter\ExperPort\Utility\TechNotes2\TN_listtowers.m' -a 'C:\ratter\ExperPort\Utility\TechNotes2\TN_submit.m' -a 'C:\ratter\ExperPort\MySQLUtility\mym.mexmaci64' -a 'C:\ratter\ExperPort\MySQLUtility\zlibwapi.dll' -a 'C:\ratter\ExperPort\MySQLUtility\bdata.p' -a 'C:\ratter\ExperPort\MySQLUtility\LIBMYSQL.dll' -a 'C:\ratter\ExperPort\MySQLUtility\mym.mexw32' -a 'C:\ratter\ExperPort\MySQLUtility\mym.mexa64' -a 'C:\ratter\ExperPort\MySQLUtility\mym.mexmaci' -a 'C:\ratter\ExperPort\MySQLUtility\win64\mym.mexw64'  
Compiler version: 4.10 (R2009a)  
Processing C:\ratter\ExperPort\Utility\TechNotes2\TechNotes.fig 
Processing C:\Program Files\MATLAB\R2009a\toolbox\matlab\guide\guideopts.fig 
Processing C:\Program Files\MATLAB\R2009a\toolbox\matlab\winfun\actxcontrolselect.fig 
Processing C:\Program Files\MATLAB\R2009a\toolbox\matlab\winfun\actxcontrolcreateproperty.fig 
Processing include files... 
2 item(s) added. 
Processing directories installed with MCR... 
The file C:\ratter\ExperPort\Utility\TechNotes2\TechNotes\src\mccExcludedFiles.log contains a list of functions excluded from the CTF archive. 
2 item(s) added. 
Generating MATLAB path for the compiled application... 
Created 49 path items. 
Begin validation of MEX files: Thu Feb 24 11:09:18 2011  
Validating 'C:\ratter\ExperPort\MySQLUtility\LIBMYSQL.dll'.  
No conflicting M-file found.  
Validating 'C:\ratter\ExperPort\MySQLUtility\mym.mexw32'.  
Found M-file 'C:\ratter\ExperPort\MySQLUtility\mym.m'.  
MEX file  
    'C:\ratter\ExperPort\MySQLUtility\mym.mexw32'  
 is valid. It contains 'mexFunction.'  
Validating 'C:\ratter\ExperPort\MySQLUtility\zlibwapi.dll'.  
No conflicting M-file found.  
End validation of MEX files: Thu Feb 24 11:09:18 2011  
Parsing file "C:\ratter\ExperPort\Utility\TechNotes2\TechNotes.m" 
	(Referenced from: "Compiler Command Line").  
Parsing file "C:\Program Files\MATLAB\R2009a\toolbox\compiler\deploy\deployprint.m" 
	(Referenced from: "Compiler Command Line").  
Parsing file "C:\Program Files\MATLAB\R2009a\toolbox\compiler\deploy\printdlg.m" 
	(Referenced from: "Compiler Command Line").  
Deleting 7 temporary MEX authorization files.  
Removing: 'C:\DOCUME~1\brodylab\LOCALS~1\Temp\mathworks_tmp_2320_539_2320.auth'.  
Removing: 'C:\DOCUME~1\brodylab\LOCALS~1\Temp\mathworks_tmp_2320_21729_2320.auth'.  
Removing: 'C:\DOCUME~1\brodylab\LOCALS~1\Temp\mathworks_tmp_2320_32157_2320.auth'.  
Removing: 'C:\DOCUME~1\brodylab\LOCALS~1\Temp\mathworks_tmp_2320_3886_2320.auth'.  
Removing: 'C:\DOCUME~1\brodylab\LOCALS~1\Temp\mathworks_tmp_2320_10848_2320.auth'.  
Removing: 'C:\DOCUME~1\brodylab\LOCALS~1\Temp\mathworks_tmp_2320_20358_2320.auth'.  
Removing: 'C:\DOCUME~1\brodylab\LOCALS~1\Temp\mathworks_tmp_2320_2193_2320.auth'.  
Generating file "C:\ratter\ExperPort\Utility\TechNotes2\TechNotes\src\TechNotes_main.c".  
Generating file "C:\ratter\ExperPort\Utility\TechNotes2\TechNotes\src\TechNotes_delay_load.c".  
Generating file "C:\ratter\ExperPort\Utility\TechNotes2\TechNotes\src\readme.txt".  
Generating file "C:\ratter\ExperPort\Utility\TechNotes2\TechNotes\src\TechNotes_mcc_component_data.c".  
Executing command: mbuild  -O -v -output "TechNotes" -I"C:\ratter\ExperPort\Utility\TechNotes2\TechNotes\src" "C:\ratter\ExperPort\Utility\TechNotes2\TechNotes\src\TechNotes_main.c" "C:\ratter\ExperPort\Utility\TechNotes2\TechNotes\src\TechNotes_delay_load.c" "C:\ratter\ExperPort\Utility\TechNotes2\TechNotes\src\TechNotes_mcc_component_data.c" -link exe  -env MCR_DELAYLOAD=/delayload:mclmcrrt710.dll -env MCR_DELAYLIB=delayimp.lib -outdir "C:\ratter\ExperPort\Utility\TechNotes2\TechNotes\src"  
 This is mbuild Copyright 1984-2006 The MathWorks, Inc. 
 
-> Default options filename found in C:\Documents and Settings\brodylab\Application Data\MathWorks\MATLAB\R2009a 
---------------------------------------------------------------- 
->    Options file           = C:\Documents and Settings\brodylab\Application Data\MathWorks\MATLAB\R2009a\compopts.bat 
->    COMPILER               = cl 
->    Compiler flags: 
         COMPFLAGS           = -c -Zp8 -GR -W3 -EHsc- -Zc:wchar_t- -nologo /D_CRT_SECURE_NO_DEPRECATE 
         OPTIMFLAGS          = -O2 -DNDEBUG 
         DEBUGFLAGS          = -Z7 
         arguments           =  -IC:\RATTER\EXPERP~1\UTILITY\TECHNO~1\TECHNO~1\SRC 
         Name switch         = /Fo 
->    Pre-linking commands   =  
->    LINKER                 = link 
->    Link directives: 
         LINKFLAGS           = kernel32.lib user32.lib gdi32.lib winspool.lib comdlg32.lib advapi32.lib shell32.lib oleaut32.lib ole32.lib uuid.lib odbc32.lib odbccp32.lib /LIBPATH:"C:\PROGRA~1\MATLAB\R2009a\extern\lib\win32\microsoft" /nologo mclmcrrt.lib delayimp.lib /delayload:mclmcrrt710.dll 
         LINKFLAGSPOST       =  
         Name directive      = "/out:C:\RATTER\EXPERP~1\UTILITY\TECHNO~1\TECHNO~1\SRC\TechNotes.exe" 
         File link directive =  
         Lib. link directive =  
         Rsp file indicator  = @ 
->    Resource Compiler      = rc /fo "C:\RATTER\EXPERP~1\UTILITY\TECHNO~1\TECHNO~1\SRC\.res" 
->    Resource Linker        =  
---------------------------------------------------------------- 
 
 
--> cl  -IC:\RATTER\EXPERP~1\UTILITY\TECHNO~1\TECHNO~1\SRC -c -Zp8 -GR -W3 -EHsc- -Zc:wchar_t- -nologo /D_CRT_SECURE_NO_DEPRECATE /FoC:\DOCUME~1\BRODYLAB\LOCALS~1\TEMP\MBUILD~1\TechNotes_main.obj -IC:\PROGRA~1\MATLAB\R2009a\extern\include -IC:\PROGRA~1\MATLAB\R2009a\simulink\include -O2 -DNDEBUG C:\ratter\ExperPort\Utility\TechNotes2\TechNotes\src\TechNotes_main.c 
 
TechNotes_main.c 
 
--> cl  -IC:\RATTER\EXPERP~1\UTILITY\TECHNO~1\TECHNO~1\SRC -c -Zp8 -GR -W3 -EHsc- -Zc:wchar_t- -nologo /D_CRT_SECURE_NO_DEPRECATE /FoC:\DOCUME~1\BRODYLAB\LOCALS~1\TEMP\MBUILD~1\TechNotes_delay_load.obj -IC:\PROGRA~1\MATLAB\R2009a\extern\include -IC:\PROGRA~1\MATLAB\R2009a\simulink\include -O2 -DNDEBUG C:\ratter\ExperPort\Utility\TechNotes2\TechNotes\src\TechNotes_delay_load.c 
 
TechNotes_delay_load.c 
 
--> cl  -IC:\RATTER\EXPERP~1\UTILITY\TECHNO~1\TECHNO~1\SRC -c -Zp8 -GR -W3 -EHsc- -Zc:wchar_t- -nologo /D_CRT_SECURE_NO_DEPRECATE /FoC:\DOCUME~1\BRODYLAB\LOCALS~1\TEMP\MBUILD~1\TechNotes_mcc_component_data.obj -IC:\PROGRA~1\MATLAB\R2009a\extern\include -IC:\PROGRA~1\MATLAB\R2009a\simulink\include -O2 -DNDEBUG C:\ratter\ExperPort\Utility\TechNotes2\TechNotes\src\TechNotes_mcc_component_data.c 
 
TechNotes_mcc_component_data.c 
    Contents of C:\DOCUME~1\BRODYLAB\LOCALS~1\TEMP\MBUILD~1\mbuild_tmp.rsp: 
  C:\DOCUME~1\BRODYLAB\LOCALS~1\TEMP\MBUILD~1\TechNotes_main.obj  C:\DOCUME~1\BRODYLAB\LOCALS~1\TEMP\MBUILD~1\TechNotes_delay_load.obj  C:\DOCUME~1\BRODYLAB\LOCALS~1\TEMP\MBUILD~1\TechNotes_mcc_component_data.obj 
 
 
--> link "/out:C:\RATTER\EXPERP~1\UTILITY\TECHNO~1\TECHNO~1\SRC\TechNotes.exe" kernel32.lib user32.lib gdi32.lib winspool.lib comdlg32.lib advapi32.lib shell32.lib oleaut32.lib ole32.lib uuid.lib odbc32.lib odbccp32.lib /LIBPATH:"C:\PROGRA~1\MATLAB\R2009a\extern\lib\win32\microsoft" /nologo mclmcrrt.lib delayimp.lib /delayload:mclmcrrt710.dll  @C:\DOCUME~1\BRODYLAB\LOCALS~1\TEMP\MBUILD~1\MBUILD~1.RSP   
 
 
--> "if exist C:\DOCUME~1\BRODYLAB\LOCALS~1\TEMP\MBUILD~1\templib.def del C:\DOCUME~1\BRODYLAB\LOCALS~1\TEMP\MBUILD~1\templib.def" 
 
