Warning: Function C:\ratter\ExperPort\FakeRP\isvector.m has the same name as a 
MATLAB builtin. We suggest you rename the function to avoid a potential name 
conflict.  
mcc -o 'WaterMeister' -W 'main' -d 'C:\ratter\ExperPort\Utility\WaterMeister\WaterMeister\src' -T 'link:exe' -v 'C:\ratter\ExperPort\Utility\WaterMeister\WaterMeister.m' -a 'C:\ratter\ExperPort\Utility\WaterMeister\WM_ratsheet.m' -a 'C:\ratter\ExperPort\Utility\WaterMeister\calcfontsize.m' -a 'C:\ratter\ExperPort\Utility\WaterMeister\init_check.m' -a 'C:\ratter\ExperPort\Utility\WaterMeister\session_button.m' -a 'C:\ratter\ExperPort\Utility\WaterMeister\timeremstr.m' -a 'C:\ratter\ExperPort\Utility\WaterMeister\WaterMeister.fig' -a 'C:\ratter\ExperPort\Utility\WaterMeister\WM_rat_water_list.m' -a 'C:\ratter\ExperPort\MySQLUtility\bdata.p' -a 'C:\ratter\ExperPort\MySQLUtility\LIBMYSQL.dll' -a 'C:\ratter\ExperPort\MySQLUtility\mym.mexw32' -a 'C:\ratter\ExperPort\MySQLUtility\zlibwapi.dll' -a 'C:\ratter\ExperPort\MySQLUtility\win64\mym.mexw64' -a 'C:\ratter\ExperPort\Utility\WaterMeister\print_WM_figure.m'  
Compiler version: 4.10 (R2009a)  
Processing C:\ratter\ExperPort\Utility\WaterMeister\WaterMeister.fig 
Processing C:\Program Files\MATLAB\R2009a\toolbox\matlab\guide\guideopts.fig 
Processing C:\Program Files\MATLAB\R2009a\toolbox\matlab\winfun\actxcontrolselect.fig 
Processing C:\Program Files\MATLAB\R2009a\toolbox\matlab\winfun\actxcontrolcreateproperty.fig 
Processing C:\Program Files\MATLAB\R2009a\toolbox\instrument\mcc.enc 
Processing C:\Program Files\MATLAB\R2009a\toolbox\control\mcc.enc 
Processing C:\Program Files\MATLAB\R2009a\toolbox\shared\controllib\mcc.enc 
Processing C:\Program Files\MATLAB\R2009a\toolbox\signal\mcc.enc 
Processing C:\Program Files\MATLAB\R2009a\toolbox\ident\mcc.enc 
Processing include files... 
2 item(s) added. 
Processing directories installed with MCR... 
The file C:\ratter\ExperPort\Utility\WaterMeister\WaterMeister\src\mccExcludedFiles.log contains a list of functions excluded from the CTF archive. 
12 item(s) added. 
Generating MATLAB path for the compiled application... 
Created 64 path items. 
Begin validation of MEX files: Tue Feb 15 13:30:28 2011  
Validating 'C:\Program Files\MATLAB\R2009a\bin\win32\libmwslicot.dll'.  
No conflicting M-file found.  
Validating 'C:\Program Files\MATLAB\R2009a\toolbox\control\ctrlutil\bdschur.mexw32'.  
Found M-file 'C:\Program Files\MATLAB\R2009a\toolbox\control\ctrlutil\bdschur.m'.  
MEX file  
    'C:\Program Files\MATLAB\R2009a\toolbox\control\ctrlutil\bdschur.mexw32'  
 is valid. It contains 'mexFunction.'  
Validating 'C:\Program Files\MATLAB\R2009a\toolbox\control\ctrlutil\ddaeresp.mexw32'.  
No conflicting M-file found.  
Validating 'C:\Program Files\MATLAB\R2009a\toolbox\control\ctrlutil\ddaesim.mexw32'.  
No conflicting M-file found.  
Validating 'C:\Program Files\MATLAB\R2009a\toolbox\control\ctrlutil\frdelay.mexw32'.  
No conflicting M-file found.  
Validating 'C:\Program Files\MATLAB\R2009a\toolbox\control\ctrlutil\frkernel.mexw32'.  
No conflicting M-file found.  
Validating 'C:\Program Files\MATLAB\R2009a\toolbox\control\ctrlutil\hlyapslv.mexw32'.  
No conflicting M-file found.  
Validating 'C:\Program Files\MATLAB\R2009a\toolbox\control\ctrlutil\lyapslv.mexw32'.  
No conflicting M-file found.  
Validating 'C:\Program Files\MATLAB\R2009a\toolbox\control\ctrlutil\matscale.mexw32'.  
No conflicting M-file found.  
Validating 'C:\Program Files\MATLAB\R2009a\toolbox\control\ctrlutil\mimozero.mexw32'.  
No conflicting M-file found.  
Validating 'C:\Program Files\MATLAB\R2009a\toolbox\control\ctrlutil\normrank.mexw32'.  
No conflicting M-file found.  
Validating 'C:\Program Files\MATLAB\R2009a\toolbox\control\ctrlutil\quadgp1.mexw32'.  
No conflicting M-file found.  
Validating 'C:\Program Files\MATLAB\R2009a\toolbox\control\ctrlutil\quadgp2.mexw32'.  
No conflicting M-file found.  
Validating 'C:\Program Files\MATLAB\R2009a\toolbox\control\ctrlutil\rrqrf.mexw32'.  
No conflicting M-file found.  
Validating 'C:\Program Files\MATLAB\R2009a\toolbox\control\ctrlutil\ssfresp.mexw32'.  
No conflicting M-file found.  
Validating 'C:\Program Files\MATLAB\R2009a\toolbox\control\ctrlutil\ssresp.mexw32'.  
No conflicting M-file found.  
Validating 'C:\Program Files\MATLAB\R2009a\toolbox\control\ctrlutil\sssim.mexw32'.  
No conflicting M-file found.  
Validating 'C:\Program Files\MATLAB\R2009a\toolbox\control\ctrlutil\sylvslv.mexw32'.  
No conflicting M-file found.  
Validating 'C:\Program Files\MATLAB\R2009a\toolbox\control\ctrlutil\tfresp.mexw32'.  
No conflicting M-file found.  
Validating 'C:\Program Files\MATLAB\R2009a\toolbox\control\ctrlutil\tfsim.mexw32'.  
No conflicting M-file found.  
Validating 'C:\Program Files\MATLAB\R2009a\toolbox\control\ctrlutil\triperm.mexw32'.  
No conflicting M-file found.  
Validating 'C:\Program Files\MATLAB\R2009a\toolbox\control\ctrlutil\zpkboderesp.mexw32'.  
No conflicting M-file found.  
Validating 'C:\Program Files\MATLAB\R2009a\toolbox\control\ctrlutil\zpkfresp.mexw32'.  
No conflicting M-file found.  
Validating 'C:\Program Files\MATLAB\R2009a\toolbox\control\ctrlutil\zpkresp.mexw32'.  
No conflicting M-file found.  
Validating 'C:\Program Files\MATLAB\R2009a\toolbox\control\ctrlutil\zpksim.mexw32'.  
No conflicting M-file found.  
Validating 'C:\Program Files\MATLAB\R2009a\toolbox\ident\nlident\@linear\soevaluate.mexw32'.  
No conflicting M-file found.  
Validating 'C:\Program Files\MATLAB\R2009a\toolbox\ident\nlident\@wavenet\soevaluate.mexw32'.  
No conflicting M-file found.  
Validating 'C:\Program Files\MATLAB\R2009a\toolbox\instrument\instrument\private\privateCOMGetErrorInfo.mexw32'.  
No conflicting M-file found.  
Validating 'C:\Program Files\MATLAB\R2009a\toolbox\instrument\instrument\private\privateGetGpib32DllVendor.mexw32'.  
No conflicting M-file found.  
Validating 'C:\Program Files\MATLAB\R2009a\toolbox\instrument\instrument\private\privateLoadIviClass.mexw32'.  
No conflicting M-file found.  
Validating 'C:\Program Files\MATLAB\R2009a\toolbox\instrument\instrumentadaptors\win32\mwadvantechgpib.dll'.  
No conflicting M-file found.  
Validating 'C:\Program Files\MATLAB\R2009a\toolbox\instrument\instrumentadaptors\win32\mwagilentgpib.dll'.  
No conflicting M-file found.  
Validating 'C:\Program Files\MATLAB\R2009a\toolbox\instrument\instrumentadaptors\win32\mwagilentvisa.dll'.  
No conflicting M-file found.  
Validating 'C:\Program Files\MATLAB\R2009a\toolbox\instrument\instrumentadaptors\win32\mwcecgpib.dll'.  
No conflicting M-file found.  
Validating 'C:\Program Files\MATLAB\R2009a\toolbox\instrument\instrumentadaptors\win32\mwcontecgpib.dll'.  
No conflicting M-file found.  
Validating 'C:\Program Files\MATLAB\R2009a\toolbox\instrument\instrumentadaptors\win32\mwicsgpib.dll'.  
No conflicting M-file found.  
Validating 'C:\Program Files\MATLAB\R2009a\toolbox\instrument\instrumentadaptors\win32\mwiotechgpib.dll'.  
No conflicting M-file found.  
Validating 'C:\Program Files\MATLAB\R2009a\toolbox\instrument\instrumentadaptors\win32\mwkeithleygpib.dll'.  
No conflicting M-file found.  
Validating 'C:\Program Files\MATLAB\R2009a\toolbox\instrument\instrumentadaptors\win32\mwmccgpib.dll'.  
No conflicting M-file found.  
Validating 'C:\Program Files\MATLAB\R2009a\toolbox\instrument\instrumentadaptors\win32\mwnigpib.dll'.  
No conflicting M-file found.  
Validating 'C:\Program Files\MATLAB\R2009a\toolbox\instrument\instrumentadaptors\win32\mwnivisa.dll'.  
No conflicting M-file found.  
Validating 'C:\Program Files\MATLAB\R2009a\toolbox\instrument\instrumentadaptors\win32\mwtekvisa.dll'.  
No conflicting M-file found.  
Validating 'C:\Program Files\MATLAB\R2009a\toolbox\signal\signal\private\upfirdnmex.mexw32'.  
No conflicting M-file found.  
Validating 'C:\ratter\ExperPort\MySQLUtility\LIBMYSQL.dll'.  
No conflicting M-file found.  
Validating 'C:\ratter\ExperPort\MySQLUtility\mym.mexw32'.  
Found M-file 'C:\ratter\ExperPort\MySQLUtility\mym.m'.  
MEX file  
    'C:\ratter\ExperPort\MySQLUtility\mym.mexw32'  
 is valid. It contains 'mexFunction.'  
Validating 'C:\ratter\ExperPort\MySQLUtility\zlibwapi.dll'.  
No conflicting M-file found.  
End validation of MEX files: Tue Feb 15 13:30:28 2011  
Parsing file "C:\ratter\ExperPort\Utility\WaterMeister\WaterMeister.m" 
	(Referenced from: "Compiler Command Line").  
Parsing file "C:\Program Files\MATLAB\R2009a\toolbox\compiler\deploy\deployprint.m" 
	(Referenced from: "Compiler Command Line").  
Parsing file "C:\Program Files\MATLAB\R2009a\toolbox\compiler\deploy\printdlg.m" 
	(Referenced from: "Compiler Command Line").  
Deleting 50 temporary MEX authorization files.  
Removing: 'C:\DOCUME~1\brodylab\LOCALS~1\Temp\mathworks_tmp_3324_26992_3324.auth'.  
Removing: 'C:\DOCUME~1\brodylab\LOCALS~1\Temp\mathworks_tmp_3324_14817_3324.auth'.  
Removing: 'C:\DOCUME~1\brodylab\LOCALS~1\Temp\mathworks_tmp_3324_24771_3324.auth'.  
Removing: 'C:\DOCUME~1\brodylab\LOCALS~1\Temp\mathworks_tmp_3324_1517_3324.auth'.  
Removing: 'C:\DOCUME~1\brodylab\LOCALS~1\Temp\mathworks_tmp_3324_25011_3324.auth'.  
Removing: 'C:\DOCUME~1\brodylab\LOCALS~1\Temp\mathworks_tmp_3324_25218_3324.auth'.  
Removing: 'C:\DOCUME~1\brodylab\LOCALS~1\Temp\mathworks_tmp_3324_479_3324.auth'.  
Removing: 'C:\DOCUME~1\brodylab\LOCALS~1\Temp\mathworks_tmp_3324_25561_3324.auth'.  
Removing: 'C:\DOCUME~1\brodylab\LOCALS~1\Temp\mathworks_tmp_3324_19817_3324.auth'.  
Removing: 'C:\DOCUME~1\brodylab\LOCALS~1\Temp\mathworks_tmp_3324_13099_3324.auth'.  
Removing: 'C:\DOCUME~1\brodylab\LOCALS~1\Temp\mathworks_tmp_3324_26561_3324.auth'.  
Removing: 'C:\DOCUME~1\brodylab\LOCALS~1\Temp\mathworks_tmp_3324_28892_3324.auth'.  
Removing: 'C:\DOCUME~1\brodylab\LOCALS~1\Temp\mathworks_tmp_3324_6050_3324.auth'.  
Removing: 'C:\DOCUME~1\brodylab\LOCALS~1\Temp\mathworks_tmp_3324_30973_3324.auth'.  
Removing: 'C:\DOCUME~1\brodylab\LOCALS~1\Temp\mathworks_tmp_3324_16404_3324.auth'.  
Removing: 'C:\DOCUME~1\brodylab\LOCALS~1\Temp\mathworks_tmp_3324_9415_3324.auth'.  
Removing: 'C:\DOCUME~1\brodylab\LOCALS~1\Temp\mathworks_tmp_3324_5751_3324.auth'.  
Removing: 'C:\DOCUME~1\brodylab\LOCALS~1\Temp\mathworks_tmp_3324_14588_3324.auth'.  
Removing: 'C:\DOCUME~1\brodylab\LOCALS~1\Temp\mathworks_tmp_3324_9693_3324.auth'.  
Removing: 'C:\DOCUME~1\brodylab\LOCALS~1\Temp\mathworks_tmp_3324_28760_3324.auth'.  
Removing: 'C:\DOCUME~1\brodylab\LOCALS~1\Temp\mathworks_tmp_3324_29248_3324.auth'.  
Removing: 'C:\DOCUME~1\brodylab\LOCALS~1\Temp\mathworks_tmp_3324_19057_3324.auth'.  
Removing: 'C:\DOCUME~1\brodylab\LOCALS~1\Temp\mathworks_tmp_3324_25171_3324.auth'.  
Removing: 'C:\DOCUME~1\brodylab\LOCALS~1\Temp\mathworks_tmp_3324_19131_3324.auth'.  
Removing: 'C:\DOCUME~1\brodylab\LOCALS~1\Temp\mathworks_tmp_3324_3335_3324.auth'.  
Removing: 'C:\DOCUME~1\brodylab\LOCALS~1\Temp\mathworks_tmp_3324_28813_3324.auth'.  
Removing: 'C:\DOCUME~1\brodylab\LOCALS~1\Temp\mathworks_tmp_3324_12273_3324.auth'.  
Removing: 'C:\DOCUME~1\brodylab\LOCALS~1\Temp\mathworks_tmp_3324_14416_3324.auth'.  
Removing: 'C:\DOCUME~1\brodylab\LOCALS~1\Temp\mathworks_tmp_3324_32316_3324.auth'.  
Removing: 'C:\DOCUME~1\brodylab\LOCALS~1\Temp\mathworks_tmp_3324_14158_3324.auth'.  
Removing: 'C:\DOCUME~1\brodylab\LOCALS~1\Temp\mathworks_tmp_3324_13257_3324.auth'.  
Removing: 'C:\DOCUME~1\brodylab\LOCALS~1\Temp\mathworks_tmp_3324_11951_3324.auth'.  
Removing: 'C:\DOCUME~1\brodylab\LOCALS~1\Temp\mathworks_tmp_3324_30377_3324.auth'.  
Removing: 'C:\DOCUME~1\brodylab\LOCALS~1\Temp\mathworks_tmp_3324_6055_3324.auth'.  
Removing: 'C:\DOCUME~1\brodylab\LOCALS~1\Temp\mathworks_tmp_3324_8475_3324.auth'.  
Removing: 'C:\DOCUME~1\brodylab\LOCALS~1\Temp\mathworks_tmp_3324_31210_3324.auth'.  
Removing: 'C:\DOCUME~1\brodylab\LOCALS~1\Temp\mathworks_tmp_3324_8361_3324.auth'.  
Removing: 'C:\DOCUME~1\brodylab\LOCALS~1\Temp\mathworks_tmp_3324_9947_3324.auth'.  
Removing: 'C:\DOCUME~1\brodylab\LOCALS~1\Temp\mathworks_tmp_3324_15142_3324.auth'.  
Removing: 'C:\DOCUME~1\brodylab\LOCALS~1\Temp\mathworks_tmp_3324_1810_3324.auth'.  
Removing: 'C:\DOCUME~1\brodylab\LOCALS~1\Temp\mathworks_tmp_3324_20629_3324.auth'.  
Removing: 'C:\DOCUME~1\brodylab\LOCALS~1\Temp\mathworks_tmp_3324_21802_3324.auth'.  
Removing: 'C:\DOCUME~1\brodylab\LOCALS~1\Temp\mathworks_tmp_3324_10558_3324.auth'.  
Removing: 'C:\DOCUME~1\brodylab\LOCALS~1\Temp\mathworks_tmp_3324_14332_3324.auth'.  
Removing: 'C:\DOCUME~1\brodylab\LOCALS~1\Temp\mathworks_tmp_3324_6528_3324.auth'.  
Removing: 'C:\DOCUME~1\brodylab\LOCALS~1\Temp\mathworks_tmp_3324_32687_3324.auth'.  
Removing: 'C:\DOCUME~1\brodylab\LOCALS~1\Temp\mathworks_tmp_3324_20767_3324.auth'.  
Removing: 'C:\DOCUME~1\brodylab\LOCALS~1\Temp\mathworks_tmp_3324_9284_3324.auth'.  
Removing: 'C:\DOCUME~1\brodylab\LOCALS~1\Temp\mathworks_tmp_3324_6692_3324.auth'.  
Removing: 'C:\DOCUME~1\brodylab\LOCALS~1\Temp\mathworks_tmp_3324_22921_3324.auth'.  
Generating file "C:\ratter\ExperPort\Utility\WaterMeister\WaterMeister\src\WaterMeister_main.c".  
Generating file "C:\ratter\ExperPort\Utility\WaterMeister\WaterMeister\src\WaterMeister_delay_load.c".  
Generating file "C:\ratter\ExperPort\Utility\WaterMeister\WaterMeister\src\readme.txt".  
Generating file "C:\ratter\ExperPort\Utility\WaterMeister\WaterMeister\src\WaterMeister_mcc_component_data.c".  
Contents of temporary response file 'C:\DOCUME~1\brodylab\LOCALS~1\Temp\mathworks_tmp_3324_2920':  
 ......................  
' -O -v -output "WaterMeister" -I"C:\ratter\ExperPort\Utility\WaterMeister\WaterMeister\src" "C:\ratter\ExperPort\Utility\WaterMeister\WaterMeister\src\WaterMeister_main.c" "C:\ratter\ExperPort\Utility\WaterMeister\WaterMeister\src\WaterMeister_delay_load.c" "C:\ratter\ExperPort\Utility\WaterMeister\WaterMeister\src\WaterMeister_mcc_component_data.c" -link exe  -env MCR_DELAYLOAD=/delayload:mclmcrrt710.dll -env MCR_DELAYLIB=delayimp.lib -outdir "C:\ratter\ExperPort\Utility\WaterMeister\WaterMeister\src"'  
......................  
Executing command: mbuild  "@C:\DOCUME~1\brodylab\LOCALS~1\Temp\mathworks_tmp_3324_2920"  
 This is mbuild Copyright 1984-2006 The MathWorks, Inc. 
 
-> Default options filename found in C:\Documents and Settings\brodylab\Application Data\MathWorks\MATLAB\R2009a 
---------------------------------------------------------------- 
->    Options file           = C:\Documents and Settings\brodylab\Application Data\MathWorks\MATLAB\R2009a\compopts.bat 
->    COMPILER               = cl 
->    Compiler flags: 
         COMPFLAGS           = -c -Zp8 -GR -W3 -EHsc- -Zc:wchar_t- -nologo /D_CRT_SECURE_NO_DEPRECATE 
         OPTIMFLAGS          = -O2 -DNDEBUG 
         DEBUGFLAGS          = -Z7 
         arguments           =  -IC:\RATTER\EXPERP~1\UTILITY\WATERM~1\WATERM~1\SRC 
         Name switch         = /Fo 
->    Pre-linking commands   =  
->    LINKER                 = link 
->    Link directives: 
         LINKFLAGS           = kernel32.lib user32.lib gdi32.lib winspool.lib comdlg32.lib advapi32.lib shell32.lib oleaut32.lib ole32.lib uuid.lib odbc32.lib odbccp32.lib /LIBPATH:"C:\PROGRA~1\MATLAB\R2009a\extern\lib\win32\microsoft" /nologo mclmcrrt.lib delayimp.lib /delayload:mclmcrrt710.dll 
         LINKFLAGSPOST       =  
         Name directive      = "/out:C:\RATTER\EXPERP~1\UTILITY\WATERM~1\WATERM~1\SRC\WaterMeister.exe" 
         File link directive =  
         Lib. link directive =  
         Rsp file indicator  = @ 
->    Resource Compiler      = rc /fo "C:\RATTER\EXPERP~1\UTILITY\WATERM~1\WATERM~1\SRC\.res" 
->    Resource Linker        =  
---------------------------------------------------------------- 
 
 
--> cl  -IC:\RATTER\EXPERP~1\UTILITY\WATERM~1\WATERM~1\SRC -c -Zp8 -GR -W3 -EHsc- -Zc:wchar_t- -nologo /D_CRT_SECURE_NO_DEPRECATE /FoC:\DOCUME~1\BRODYLAB\LOCALS~1\TEMP\MBUILD~1\WaterMeister_main.obj -IC:\PROGRA~1\MATLAB\R2009a\extern\include -IC:\PROGRA~1\MATLAB\R2009a\simulink\include -O2 -DNDEBUG C:\ratter\ExperPort\Utility\WaterMeister\WaterMeister\src\WaterMeister_main.c 
 
WaterMeister_main.c 
 
--> cl  -IC:\RATTER\EXPERP~1\UTILITY\WATERM~1\WATERM~1\SRC -c -Zp8 -GR -W3 -EHsc- -Zc:wchar_t- -nologo /D_CRT_SECURE_NO_DEPRECATE /FoC:\DOCUME~1\BRODYLAB\LOCALS~1\TEMP\MBUILD~1\WaterMeister_delay_load.obj -IC:\PROGRA~1\MATLAB\R2009a\extern\include -IC:\PROGRA~1\MATLAB\R2009a\simulink\include -O2 -DNDEBUG C:\ratter\ExperPort\Utility\WaterMeister\WaterMeister\src\WaterMeister_delay_load.c 
 
WaterMeister_delay_load.c 
 
--> cl  -IC:\RATTER\EXPERP~1\UTILITY\WATERM~1\WATERM~1\SRC -c -Zp8 -GR -W3 -EHsc- -Zc:wchar_t- -nologo /D_CRT_SECURE_NO_DEPRECATE /FoC:\DOCUME~1\BRODYLAB\LOCALS~1\TEMP\MBUILD~1\WaterMeister_mcc_component_data.obj -IC:\PROGRA~1\MATLAB\R2009a\extern\include -IC:\PROGRA~1\MATLAB\R2009a\simulink\include -O2 -DNDEBUG C:\ratter\ExperPort\Utility\WaterMeister\WaterMeister\src\WaterMeister_mcc_component_data.c 
 
WaterMeister_mcc_component_data.c 
    Contents of C:\DOCUME~1\BRODYLAB\LOCALS~1\TEMP\MBUILD~1\mbuild_tmp.rsp: 
  C:\DOCUME~1\BRODYLAB\LOCALS~1\TEMP\MBUILD~1\WaterMeister_main.obj  C:\DOCUME~1\BRODYLAB\LOCALS~1\TEMP\MBUILD~1\WaterMeister_delay_load.obj  C:\DOCUME~1\BRODYLAB\LOCALS~1\TEMP\MBUILD~1\WaterMeister_mcc_component_data.obj 
 
 
--> link "/out:C:\RATTER\EXPERP~1\UTILITY\WATERM~1\WATERM~1\SRC\WaterMeister.exe" kernel32.lib user32.lib gdi32.lib winspool.lib comdlg32.lib advapi32.lib shell32.lib oleaut32.lib ole32.lib uuid.lib odbc32.lib odbccp32.lib /LIBPATH:"C:\PROGRA~1\MATLAB\R2009a\extern\lib\win32\microsoft" /nologo mclmcrrt.lib delayimp.lib /delayload:mclmcrrt710.dll  @C:\DOCUME~1\BRODYLAB\LOCALS~1\TEMP\MBUILD~1\MBUILD~1.RSP   
 
 
--> "if exist C:\DOCUME~1\BRODYLAB\LOCALS~1\TEMP\MBUILD~1\templib.def del C:\DOCUME~1\BRODYLAB\LOCALS~1\TEMP\MBUILD~1\templib.def" 
 
